<?xml version="1.0" encoding="UTF-8"?>
<!-- Generated by org.testng.reporters.JUnitReportReporter -->
<testsuite skipped="0" hostname="MacBook-Pro.local" name="com.qa.verizon.tests.PhoneTest" tests="5" failures="0" timestamp="13 Oct 2020 23:10:39 GMT" time="62.159" errors="0">
  <testcase name="getTitle" time="11.760" classname="com.qa.verizon.tests.PhoneTest"/>
  <testcase name="verfyURL" time="10.921" classname="com.qa.verizon.tests.PhoneTest"/>
  <testcase name="selectPhoneFeature" time="12.621" classname="com.qa.verizon.tests.PhoneTest"/>
  <testcase name="handleZipCode" time="13.544" classname="com.qa.verizon.tests.PhoneTest"/>
  <testcase name="handleCustomerType" time="13.313" classname="com.qa.verizon.tests.PhoneTest"/>
</testsuite> <!-- com.qa.verizon.tests.PhoneTest -->
