<?xml version="1.0" encoding="UTF-8"?>
<!-- Generated by org.testng.reporters.JUnitReportReporter -->
<testsuite skipped="0" hostname="MacBook-Pro.local" name="com.qa.verizon.tests.MainPageTest" tests="3" failures="0" timestamp="13 Oct 2020 23:10:39 GMT" time="11.525" errors="0">
  <testcase name="getPageTitle" time="2.475" classname="com.qa.verizon.tests.MainPageTest"/>
  <testcase name="goShop" time="4.224" classname="com.qa.verizon.tests.MainPageTest"/>
  <testcase name="clickSmartPhones" time="4.826" classname="com.qa.verizon.tests.MainPageTest"/>
</testsuite> <!-- com.qa.verizon.tests.MainPageTest -->
