<?xml version="1.0" encoding="UTF-8"?>
<!-- Generated by org.testng.reporters.JUnitReportReporter -->
<testsuite skipped="0" hostname="MacBook-Pro.local" name="com.qa.verizon.tests.CartPageTest" tests="2" failures="0" timestamp="13 Oct 2020 23:10:39 GMT" time="32.132" errors="0">
  <testcase name="verifyURL" time="15.361" classname="com.qa.verizon.tests.CartPageTest"/>
  <testcase name="verfySelectedPhone" time="16.771" classname="com.qa.verizon.tests.CartPageTest"/>
</testsuite> <!-- com.qa.verizon.tests.CartPageTest -->
