<?xml version="1.0" encoding="UTF-8"?>
<!-- Generated by org.testng.reporters.JUnitReportReporter -->
<testsuite skipped="0" hostname="MacBook-Pro.local" name="com.qa.verizon.tests.SmartPhoneTestPage" tests="3" failures="0" timestamp="13 Oct 2020 23:10:39 GMT" time="30.295" errors="0">
  <testcase name="getURL" time="9.658" classname="com.qa.verizon.tests.SmartPhoneTestPage"/>
  <testcase name="getTitle" time="9.570" classname="com.qa.verizon.tests.SmartPhoneTestPage"/>
  <testcase name="selectPhone" time="11.067" classname="com.qa.verizon.tests.SmartPhoneTestPage"/>
</testsuite> <!-- com.qa.verizon.tests.SmartPhoneTestPage -->
